This file contains any messages produced by compilers while
running configure, to aid debugging if configure makes a mistake.

It was created by RabbitSign configure 2.1, which was
generated by GNU Autoconf 2.63.  Invocation command line was

  $ ./configure 

## --------- ##
## Platform. ##
## --------- ##

hostname = Ethans-MacBook-Pro.local
uname -m = x86_64
uname -r = 16.7.0
uname -s = Darwin
uname -v = Darwin Kernel Version 16.7.0: Thu Dec 13 21:36:55 PST 2018; root:xnu-3789.73.29~1/RELEASE_X86_64

/usr/bin/uname -p = i386
/bin/uname -X     = unknown

/bin/arch              = unknown
/usr/bin/arch -k       = unknown
/usr/convex/getsysinfo = unknown
/usr/bin/hostinfo      = Mach kernel version:
	 Darwin Kernel Version 16.7.0: Thu Dec 13 21:36:55 PST 2018; root:xnu-3789.73.29~1/RELEASE_X86_64
Kernel configured for up to 4 processors.
2 processors are physically available.
4 processors are logically available.
Processor type: x86_64h (Intel x86-64h Haswell)
Processors active: 0 1 2 3
Primary memory available: 8.00 gigabytes
Default processor set: 313 tasks, 1469 threads, 4 processors
Load average: 2.99, Mach factor: 1.31
/bin/machine           = unknown
/usr/bin/oslevel       = unknown
/bin/universe          = unknown

PATH: /usr/local/bin
PATH: /usr/local/opt/coreutils/libexec/gnubin
PATH: /usr/local/bin
PATH: /usr/bin
PATH: /bin
PATH: /usr/sbin
PATH: /sbin
PATH: /opt/X11/bin
PATH: /Applications/VMware Fusion.app/Contents/Public
PATH: /Library/Frameworks/Mono.framework/Versions/Current/Commands
PATH: /opt/local/bin
PATH: /opt/local/sbin
PATH: /Users/ethan/gcc-arm-none-eabi-6_2-2016q4/bin
PATH: /Applications/Wine.app/Contents/Resources/bin
PATH: /Users/ethan/bin


## ----------- ##
## Core tests. ##
## ----------- ##

configure:1851: checking for gcc
configure:1867: found /usr/bin/gcc
configure:1878: result: gcc
configure:2110: checking for C compiler version
configure:2118: gcc --version >&5
Configured with: --prefix=/Applications/Xcode.app/Contents/Developer/usr --with-gxx-include-dir=/usr/include/c++/4.2.1
Apple LLVM version 9.0.0 (clang-900.0.37)
Target: x86_64-apple-darwin16.7.0
Thread model: posix
InstalledDir: /Applications/Xcode.app/Contents/Developer/Toolchains/XcodeDefault.xctoolchain/usr/bin
configure:2122: $? = 0
configure:2129: gcc -v >&5
Configured with: --prefix=/Applications/Xcode.app/Contents/Developer/usr --with-gxx-include-dir=/usr/include/c++/4.2.1
Apple LLVM version 9.0.0 (clang-900.0.37)
Target: x86_64-apple-darwin16.7.0
Thread model: posix
InstalledDir: /Applications/Xcode.app/Contents/Developer/Toolchains/XcodeDefault.xctoolchain/usr/bin
configure:2133: $? = 0
configure:2140: gcc -V >&5
clang: error: argument to '-V' is missing (expected 1 value)
clang: error: no input files
configure:2144: $? = 1
configure:2167: checking for C compiler default output file name
configure:2189: gcc    conftest.c  >&5
configure:2193: $? = 0
configure:2231: result: a.out
configure:2250: checking whether the C compiler works
configure:2260: ./a.out
configure:2264: $? = 0
configure:2283: result: yes
configure:2290: checking whether we are cross compiling
configure:2292: result: no
configure:2295: checking for suffix of executables
configure:2302: gcc -o conftest    conftest.c  >&5
configure:2306: $? = 0
configure:2332: result: 
configure:2338: checking for suffix of object files
configure:2364: gcc -c   conftest.c >&5
configure:2368: $? = 0
configure:2393: result: o
configure:2397: checking whether we are using the GNU C compiler
configure:2426: gcc -c   conftest.c >&5
configure:2433: $? = 0
configure:2450: result: yes
configure:2459: checking whether gcc accepts -g
configure:2489: gcc -c -g  conftest.c >&5
configure:2496: $? = 0
configure:2597: result: yes
configure:2614: checking for gcc option to accept ISO C89
configure:2688: gcc  -c -g -O2  conftest.c >&5
configure:2695: $? = 0
configure:2718: result: none needed
configure:2781: checking for a BSD-compatible install
configure:2849: result: /usr/local/bin/ginstall -c
configure:2903: checking for ar
configure:2919: found /usr/bin/ar
configure:2930: result: ar
configure:2995: checking for ranlib
configure:3011: found /usr/bin/ranlib
configure:3022: result: ranlib
configure:3044: checking whether make sets $(MAKE)
configure:3066: result: yes
configure:3087: checking how to run the C preprocessor
configure:3127: gcc -E  conftest.c
configure:3134: $? = 0
configure:3165: gcc -E  conftest.c
conftest.c:8:10: fatal error: 'ac_nonexistent.h' file not found
#include <ac_nonexistent.h>
         ^~~~~~~~~~~~~~~~~~
1 error generated.
configure:3172: $? = 1
configure: failed program was:
| /* confdefs.h.  */
| #define PACKAGE_NAME "RabbitSign"
| #define PACKAGE_TARNAME "rabbitsign"
| #define PACKAGE_VERSION "2.1"
| #define PACKAGE_STRING "RabbitSign 2.1"
| #define PACKAGE_BUGREPORT "floppusmaximus@users.sf.net"
| /* end confdefs.h.  */
| #include <ac_nonexistent.h>
configure:3205: result: gcc -E
configure:3234: gcc -E  conftest.c
configure:3241: $? = 0
configure:3272: gcc -E  conftest.c
conftest.c:8:10: fatal error: 'ac_nonexistent.h' file not found
#include <ac_nonexistent.h>
         ^~~~~~~~~~~~~~~~~~
1 error generated.
configure:3279: $? = 1
configure: failed program was:
| /* confdefs.h.  */
| #define PACKAGE_NAME "RabbitSign"
| #define PACKAGE_TARNAME "rabbitsign"
| #define PACKAGE_VERSION "2.1"
| #define PACKAGE_STRING "RabbitSign 2.1"
| #define PACKAGE_BUGREPORT "floppusmaximus@users.sf.net"
| /* end confdefs.h.  */
| #include <ac_nonexistent.h>
configure:3319: checking for grep that handles long lines and -e
configure:3379: result: /usr/local/bin/ggrep
configure:3384: checking for egrep
configure:3448: result: /usr/local/bin/ggrep -E
configure:3453: checking for ANSI C header files
configure:3483: gcc -c -g -O2 -W -Wall -Wwrite-strings  conftest.c >&5
configure:3490: $? = 0
configure:3589: gcc -o conftest -g -O2 -W -Wall -Wwrite-strings   conftest.c  >&5
configure:3593: $? = 0
configure:3599: ./conftest
configure:3603: $? = 0
configure:3621: result: yes
configure:3631: checking whether time.h and sys/time.h may both be included
configure:3661: gcc -c -g -O2 -W -Wall -Wwrite-strings  conftest.c >&5
configure:3668: $? = 0
configure:3683: result: yes
configure:3707: checking for sys/types.h
configure:3728: gcc -c -g -O2 -W -Wall -Wwrite-strings  conftest.c >&5
configure:3735: $? = 0
configure:3752: result: yes
configure:3707: checking for sys/stat.h
configure:3728: gcc -c -g -O2 -W -Wall -Wwrite-strings  conftest.c >&5
configure:3735: $? = 0
configure:3752: result: yes
configure:3707: checking for stdlib.h
configure:3728: gcc -c -g -O2 -W -Wall -Wwrite-strings  conftest.c >&5
configure:3735: $? = 0
configure:3752: result: yes
configure:3707: checking for string.h
configure:3728: gcc -c -g -O2 -W -Wall -Wwrite-strings  conftest.c >&5
configure:3735: $? = 0
configure:3752: result: yes
configure:3707: checking for memory.h
configure:3728: gcc -c -g -O2 -W -Wall -Wwrite-strings  conftest.c >&5
configure:3735: $? = 0
configure:3752: result: yes
configure:3707: checking for strings.h
configure:3728: gcc -c -g -O2 -W -Wall -Wwrite-strings  conftest.c >&5
configure:3735: $? = 0
configure:3752: result: yes
configure:3707: checking for inttypes.h
configure:3728: gcc -c -g -O2 -W -Wall -Wwrite-strings  conftest.c >&5
configure:3735: $? = 0
configure:3752: result: yes
configure:3707: checking for stdint.h
configure:3728: gcc -c -g -O2 -W -Wall -Wwrite-strings  conftest.c >&5
configure:3735: $? = 0
configure:3752: result: yes
configure:3707: checking for unistd.h
configure:3728: gcc -c -g -O2 -W -Wall -Wwrite-strings  conftest.c >&5
configure:3735: $? = 0
configure:3752: result: yes
configure:3784: checking limits.h usability
configure:3801: gcc -c -g -O2 -W -Wall -Wwrite-strings  conftest.c >&5
configure:3808: $? = 0
configure:3822: result: yes
configure:3826: checking limits.h presence
configure:3841: gcc -E  conftest.c
configure:3848: $? = 0
configure:3862: result: yes
configure:3895: checking for limits.h
configure:3904: result: yes
configure:3784: checking sys/time.h usability
configure:3801: gcc -c -g -O2 -W -Wall -Wwrite-strings  conftest.c >&5
configure:3808: $? = 0
configure:3822: result: yes
configure:3826: checking sys/time.h presence
configure:3841: gcc -E  conftest.c
configure:3848: $? = 0
configure:3862: result: yes
configure:3895: checking for sys/time.h
configure:3904: result: yes
configure:3784: checking assert.h usability
configure:3801: gcc -c -g -O2 -W -Wall -Wwrite-strings  conftest.c >&5
configure:3808: $? = 0
configure:3822: result: yes
configure:3826: checking assert.h presence
configure:3841: gcc -E  conftest.c
configure:3848: $? = 0
configure:3862: result: yes
configure:3895: checking for assert.h
configure:3904: result: yes
configure:3945: checking gmp.h usability
configure:3962: gcc -c -g -O2 -W -Wall -Wwrite-strings   conftest.c >&5
configure:3969: $? = 0
configure:3983: result: yes
configure:3987: checking gmp.h presence
configure:4002: gcc -E  conftest.c
configure:4009: $? = 0
configure:4023: result: yes
configure:4056: checking for gmp.h
configure:4063: result: yes
configure:5184: checking for function prototypes
configure:5187: result: yes
configure:5205: checking whether byte ordering is bigendian
configure:5230: gcc -c -g -O2 -W -Wall -Wwrite-strings  conftest.c >&5
configure:5237: $? = 0
configure:5287: gcc -c -g -O2 -W -Wall -Wwrite-strings  conftest.c >&5
configure:5294: $? = 0
configure:5326: gcc -c -g -O2 -W -Wall -Wwrite-strings  conftest.c >&5
conftest.c:33:4: error: use of undeclared identifier 'not'
                 not big endian
                 ^
1 error generated.
configure:5333: $? = 1
configure: failed program was:
| /* confdefs.h.  */
| #define PACKAGE_NAME "RabbitSign"
| #define PACKAGE_TARNAME "rabbitsign"
| #define PACKAGE_VERSION "2.1"
| #define PACKAGE_STRING "RabbitSign 2.1"
| #define PACKAGE_BUGREPORT "floppusmaximus@users.sf.net"
| #define STDC_HEADERS 1
| #define TIME_WITH_SYS_TIME 1
| #define HAVE_SYS_TYPES_H 1
| #define HAVE_SYS_STAT_H 1
| #define HAVE_STDLIB_H 1
| #define HAVE_STRING_H 1
| #define HAVE_MEMORY_H 1
| #define HAVE_STRINGS_H 1
| #define HAVE_INTTYPES_H 1
| #define HAVE_STDINT_H 1
| #define HAVE_UNISTD_H 1
| #define HAVE_LIMITS_H 1
| #define HAVE_SYS_TIME_H 1
| #define HAVE_ASSERT_H 1
| #define HAVE_GMP_H 1
| #define USE_MPZ_GCDEXT 1
| #define PROTOTYPES 1
| #define __PROTOTYPES 1
| /* end confdefs.h.  */
| #include <sys/types.h>
| 		#include <sys/param.h>
| 
| int
| main ()
| {
| #if BYTE_ORDER != BIG_ENDIAN
| 		 not big endian
| 		#endif
| 
|   ;
|   return 0;
| }
configure:5585: result: no
configure:5610: checking for an ANSI C-conforming const
configure:5685: gcc -c -g -O2 -W -Wall -Wwrite-strings  conftest.c >&5
conftest.c:71:18: warning: variable 'b' is uninitialized when used here [-Wuninitialized]
    struct s *b; b->j = 5;
                 ^
conftest.c:71:16: note: initialize the variable 'b' to silence this warning
    struct s *b; b->j = 5;
               ^
                = 0
conftest.c:55:6: warning: variable 't' is uninitialized when used here [-Wuninitialized]
    *t++ = 0;
     ^
conftest.c:52:12: note: initialize the variable 't' to silence this warning
    char *t;
           ^
            = 0
2 warnings generated.
configure:5692: $? = 0
configure:5707: result: yes
configure:5717: checking for inline
configure:5743: gcc -c -g -O2 -W -Wall -Wwrite-strings  conftest.c >&5
conftest.c:28:21: warning: unused function 'static_foo' [-Wunused-function]
static inline foo_t static_foo () {return 0; }
                    ^
1 warning generated.
configure:5750: $? = 0
configure:5768: result: inline
configure:5787: checking for size_t
configure:5815: gcc -c -g -O2 -W -Wall -Wwrite-strings  conftest.c >&5
configure:5822: $? = 0
configure:5849: gcc -c -g -O2 -W -Wall -Wwrite-strings  conftest.c >&5
conftest.c:62:21: error: expected expression
if (sizeof ((size_t)))
                    ^
1 error generated.
configure:5856: $? = 1
configure: failed program was:
| /* confdefs.h.  */
| #define PACKAGE_NAME "RabbitSign"
| #define PACKAGE_TARNAME "rabbitsign"
| #define PACKAGE_VERSION "2.1"
| #define PACKAGE_STRING "RabbitSign 2.1"
| #define PACKAGE_BUGREPORT "floppusmaximus@users.sf.net"
| #define STDC_HEADERS 1
| #define TIME_WITH_SYS_TIME 1
| #define HAVE_SYS_TYPES_H 1
| #define HAVE_SYS_STAT_H 1
| #define HAVE_STDLIB_H 1
| #define HAVE_STRING_H 1
| #define HAVE_MEMORY_H 1
| #define HAVE_STRINGS_H 1
| #define HAVE_INTTYPES_H 1
| #define HAVE_STDINT_H 1
| #define HAVE_UNISTD_H 1
| #define HAVE_LIMITS_H 1
| #define HAVE_SYS_TIME_H 1
| #define HAVE_ASSERT_H 1
| #define HAVE_GMP_H 1
| #define USE_MPZ_GCDEXT 1
| #define PROTOTYPES 1
| #define __PROTOTYPES 1
| /* end confdefs.h.  */
| #include <stdio.h>
| #ifdef HAVE_SYS_TYPES_H
| # include <sys/types.h>
| #endif
| #ifdef HAVE_SYS_STAT_H
| # include <sys/stat.h>
| #endif
| #ifdef STDC_HEADERS
| # include <stdlib.h>
| # include <stddef.h>
| #else
| # ifdef HAVE_STDLIB_H
| #  include <stdlib.h>
| # endif
| #endif
| #ifdef HAVE_STRING_H
| # if !defined STDC_HEADERS && defined HAVE_MEMORY_H
| #  include <memory.h>
| # endif
| # include <string.h>
| #endif
| #ifdef HAVE_STRINGS_H
| # include <strings.h>
| #endif
| #ifdef HAVE_INTTYPES_H
| # include <inttypes.h>
| #endif
| #ifdef HAVE_STDINT_H
| # include <stdint.h>
| #endif
| #ifdef HAVE_UNISTD_H
| # include <unistd.h>
| #endif
| int
| main ()
| {
| if (sizeof ((size_t)))
| 	  return 0;
|   ;
|   return 0;
| }
configure:5879: result: yes
configure:5891: checking whether struct tm is in sys/time.h or time.h
configure:5921: gcc -c -g -O2 -W -Wall -Wwrite-strings  conftest.c >&5
configure:5928: $? = 0
configure:5943: result: time.h
configure:5967: checking for strcasecmp
configure:6023: gcc -o conftest -g -O2 -W -Wall -Wwrite-strings   conftest.c  >&5
conftest.c:49:6: warning: incompatible redeclaration of library function 'strcasecmp' [-Wincompatible-library-redeclaration]
char strcasecmp ();
     ^
conftest.c:49:6: note: 'strcasecmp' is a builtin with type 'int (const char *, const char *)'
1 warning generated.
configure:6030: $? = 0
configure:6052: result: yes
configure:5967: checking for stricmp
configure:6023: gcc -o conftest -g -O2 -W -Wall -Wwrite-strings   conftest.c  >&5
Undefined symbols for architecture x86_64:
  "_stricmp", referenced from:
      _main in conftest-c01c2b.o
ld: symbol(s) not found for architecture x86_64
clang: error: linker command failed with exit code 1 (use -v to see invocation)
configure:6030: $? = 1
configure: failed program was:
| /* confdefs.h.  */
| #define PACKAGE_NAME "RabbitSign"
| #define PACKAGE_TARNAME "rabbitsign"
| #define PACKAGE_VERSION "2.1"
| #define PACKAGE_STRING "RabbitSign 2.1"
| #define PACKAGE_BUGREPORT "floppusmaximus@users.sf.net"
| #define STDC_HEADERS 1
| #define TIME_WITH_SYS_TIME 1
| #define HAVE_SYS_TYPES_H 1
| #define HAVE_SYS_STAT_H 1
| #define HAVE_STDLIB_H 1
| #define HAVE_STRING_H 1
| #define HAVE_MEMORY_H 1
| #define HAVE_STRINGS_H 1
| #define HAVE_INTTYPES_H 1
| #define HAVE_STDINT_H 1
| #define HAVE_UNISTD_H 1
| #define HAVE_LIMITS_H 1
| #define HAVE_SYS_TIME_H 1
| #define HAVE_ASSERT_H 1
| #define HAVE_GMP_H 1
| #define USE_MPZ_GCDEXT 1
| #define PROTOTYPES 1
| #define __PROTOTYPES 1
| #define HAVE_STRCASECMP 1
| /* end confdefs.h.  */
| /* Define stricmp to an innocuous variant, in case <limits.h> declares stricmp.
|    For example, HP-UX 11i <limits.h> declares gettimeofday.  */
| #define stricmp innocuous_stricmp
| 
| /* System header to define __stub macros and hopefully few prototypes,
|     which can conflict with char stricmp (); below.
|     Prefer <limits.h> to <assert.h> if __STDC__ is defined, since
|     <limits.h> exists even on freestanding compilers.  */
| 
| #ifdef __STDC__
| # include <limits.h>
| #else
| # include <assert.h>
| #endif
| 
| #undef stricmp
| 
| /* Override any GCC internal prototype to avoid an error.
|    Use char because int might match the return type of a GCC
|    builtin and then its argument prototype would still apply.  */
| #ifdef __cplusplus
| extern "C"
| #endif
| char stricmp ();
| /* The GNU C library defines this for functions which it implements
|     to always fail with ENOSYS.  Some functions are actually named
|     something starting with __ and the normal name is an alias.  */
| #if defined __stub_stricmp || defined __stub___stricmp
| choke me
| #endif
| 
| int
| main ()
| {
| return stricmp ();
|   ;
|   return 0;
| }
configure:6052: result: no
configure:5967: checking for strrchr
configure:6023: gcc -o conftest -g -O2 -W -Wall -Wwrite-strings   conftest.c  >&5
conftest.c:50:6: warning: incompatible redeclaration of library function 'strrchr' [-Wincompatible-library-redeclaration]
char strrchr ();
     ^
conftest.c:50:6: note: 'strrchr' is a builtin with type 'char *(const char *, int)'
1 warning generated.
configure:6030: $? = 0
configure:6052: result: yes
configure:5967: checking for rindex
configure:6023: gcc -o conftest -g -O2 -W -Wall -Wwrite-strings   conftest.c  >&5
conftest.c:51:6: warning: incompatible redeclaration of library function 'rindex' [-Wincompatible-library-redeclaration]
char rindex ();
     ^
conftest.c:51:6: note: 'rindex' is a builtin with type 'char *(const char *, int)'
1 warning generated.
configure:6030: $? = 0
configure:6052: result: yes
configure:5967: checking for strchr
configure:6023: gcc -o conftest -g -O2 -W -Wall -Wwrite-strings   conftest.c  >&5
conftest.c:52:6: warning: incompatible redeclaration of library function 'strchr' [-Wincompatible-library-redeclaration]
char strchr ();
     ^
conftest.c:52:6: note: 'strchr' is a builtin with type 'char *(const char *, int)'
1 warning generated.
configure:6030: $? = 0
configure:6052: result: yes
configure:5967: checking for index
configure:6023: gcc -o conftest -g -O2 -W -Wall -Wwrite-strings   conftest.c  >&5
conftest.c:53:6: warning: incompatible redeclaration of library function 'index' [-Wincompatible-library-redeclaration]
char index ();
     ^
conftest.c:53:6: note: 'index' is a builtin with type 'char *(const char *, int)'
1 warning generated.
configure:6030: $? = 0
configure:6052: result: yes
configure:5967: checking for memcpy
configure:6023: gcc -o conftest -g -O2 -W -Wall -Wwrite-strings   conftest.c  >&5
conftest.c:54:6: warning: incompatible redeclaration of library function 'memcpy' [-Wincompatible-library-redeclaration]
char memcpy ();
     ^
conftest.c:54:6: note: 'memcpy' is a builtin with type 'void *(void *, const void *, unsigned long)'
1 warning generated.
configure:6030: $? = 0
configure:6052: result: yes
configure:5967: checking for random
configure:6023: gcc -o conftest -g -O2 -W -Wall -Wwrite-strings   conftest.c  >&5
configure:6030: $? = 0
configure:6052: result: yes
configure:5967: checking for rand
configure:6023: gcc -o conftest -g -O2 -W -Wall -Wwrite-strings   conftest.c  >&5
configure:6030: $? = 0
configure:6052: result: yes
configure:6170: creating ./config.status

## ---------------------- ##
## Running config.status. ##
## ---------------------- ##

This file was extended by RabbitSign config.status 2.1, which was
generated by GNU Autoconf 2.63.  Invocation command line was

  CONFIG_FILES    = 
  CONFIG_HEADERS  = 
  CONFIG_LINKS    = 
  CONFIG_COMMANDS = 
  $ ./config.status 

on Ethans-MacBook-Pro.local

config.status:752: creating Makefile
config.status:752: creating man/Makefile
config.status:752: creating src/Makefile
config.status:752: creating test/Makefile
config.status:752: creating config.h

## ---------------- ##
## Cache variables. ##
## ---------------- ##

ac_cv_c_bigendian=no
ac_cv_c_compiler_gnu=yes
ac_cv_c_const=yes
ac_cv_c_inline=inline
ac_cv_env_CC_set=
ac_cv_env_CC_value=
ac_cv_env_CFLAGS_set=
ac_cv_env_CFLAGS_value=
ac_cv_env_CPPFLAGS_set=
ac_cv_env_CPPFLAGS_value=
ac_cv_env_CPP_set=
ac_cv_env_CPP_value=
ac_cv_env_GMP_CFLAGS_set=
ac_cv_env_GMP_CFLAGS_value=
ac_cv_env_GMP_LIBS_set=
ac_cv_env_GMP_LIBS_value=
ac_cv_env_LDFLAGS_set=
ac_cv_env_LDFLAGS_value=
ac_cv_env_LIBS_set=
ac_cv_env_LIBS_value=
ac_cv_env_build_alias_set=
ac_cv_env_build_alias_value=
ac_cv_env_host_alias_set=
ac_cv_env_host_alias_value=
ac_cv_env_target_alias_set=
ac_cv_env_target_alias_value=
ac_cv_func_index=yes
ac_cv_func_memcpy=yes
ac_cv_func_rand=yes
ac_cv_func_random=yes
ac_cv_func_rindex=yes
ac_cv_func_strcasecmp=yes
ac_cv_func_strchr=yes
ac_cv_func_stricmp=no
ac_cv_func_strrchr=yes
ac_cv_header_assert_h=yes
ac_cv_header_gmp_h=yes
ac_cv_header_inttypes_h=yes
ac_cv_header_limits_h=yes
ac_cv_header_memory_h=yes
ac_cv_header_stdc=yes
ac_cv_header_stdint_h=yes
ac_cv_header_stdlib_h=yes
ac_cv_header_string_h=yes
ac_cv_header_strings_h=yes
ac_cv_header_sys_stat_h=yes
ac_cv_header_sys_time_h=yes
ac_cv_header_sys_types_h=yes
ac_cv_header_time=yes
ac_cv_header_unistd_h=yes
ac_cv_objext=o
ac_cv_path_EGREP='/usr/local/bin/ggrep -E'
ac_cv_path_GREP=/usr/local/bin/ggrep
ac_cv_path_install='/usr/local/bin/ginstall -c'
ac_cv_prog_CPP='gcc -E'
ac_cv_prog_ac_ct_AR=ar
ac_cv_prog_ac_ct_CC=gcc
ac_cv_prog_ac_ct_RANLIB=ranlib
ac_cv_prog_cc_c89=
ac_cv_prog_cc_g=yes
ac_cv_prog_make_make_set=yes
ac_cv_struct_tm=time.h
ac_cv_type_size_t=yes

## ----------------- ##
## Output variables. ##
## ----------------- ##

AR='ar'
CC='gcc'
CFLAGS='-g -O2 -W -Wall -Wwrite-strings'
CPP='gcc -E'
CPPFLAGS=''
DEFS='-DHAVE_CONFIG_H'
ECHO_C='\c'
ECHO_N=''
ECHO_T=''
EGREP='/usr/local/bin/ggrep -E'
EXEEXT=''
GMP_CFLAGS=''
GMP_LIBS='-lgmp'
GREP='/usr/local/bin/ggrep'
INSTALL_DATA='${INSTALL} -m 644'
INSTALL_PROGRAM='${INSTALL}'
INSTALL_SCRIPT='${INSTALL}'
LDFLAGS=''
LIBOBJS=''
LIBS=''
LTLIBOBJS=''
OBJEXT='o'
PACKAGE_BUGREPORT='floppusmaximus@users.sf.net'
PACKAGE_NAME='RabbitSign'
PACKAGE_STRING='RabbitSign 2.1'
PACKAGE_TARNAME='rabbitsign'
PACKAGE_VERSION='2.1'
PATH_SEPARATOR=':'
RANLIB='ranlib'
SET_MAKE=''
SHELL='/bin/sh'
ac_ct_CC='gcc'
bindir='${exec_prefix}/bin'
build_alias=''
datadir='${datarootdir}'
datarootdir='${prefix}/share'
docdir='${datarootdir}/doc/${PACKAGE_TARNAME}'
dvidir='${docdir}'
exec_prefix='${prefix}'
host_alias=''
htmldir='${docdir}'
includedir='${prefix}/include'
infodir='${datarootdir}/info'
libdir='${exec_prefix}/lib'
libexecdir='${exec_prefix}/libexec'
localedir='${datarootdir}/locale'
localstatedir='${prefix}/var'
mandir='${datarootdir}/man'
mpzobjs=''
oldincludedir='/usr/include'
opt_build_rskeygen='rskeygen'
opt_install_rskeygen='install-rskeygen'
pdfdir='${docdir}'
prefix='/usr/local'
program_transform_name='s,x,x,'
psdir='${docdir}'
sbindir='${exec_prefix}/sbin'
sharedstatedir='${prefix}/com'
sysconfdir='${prefix}/etc'
target_alias=''

## ----------- ##
## confdefs.h. ##
## ----------- ##

#define PACKAGE_NAME "RabbitSign"
#define PACKAGE_TARNAME "rabbitsign"
#define PACKAGE_VERSION "2.1"
#define PACKAGE_STRING "RabbitSign 2.1"
#define PACKAGE_BUGREPORT "floppusmaximus@users.sf.net"
#define STDC_HEADERS 1
#define TIME_WITH_SYS_TIME 1
#define HAVE_SYS_TYPES_H 1
#define HAVE_SYS_STAT_H 1
#define HAVE_STDLIB_H 1
#define HAVE_STRING_H 1
#define HAVE_MEMORY_H 1
#define HAVE_STRINGS_H 1
#define HAVE_INTTYPES_H 1
#define HAVE_STDINT_H 1
#define HAVE_UNISTD_H 1
#define HAVE_LIMITS_H 1
#define HAVE_SYS_TIME_H 1
#define HAVE_ASSERT_H 1
#define HAVE_GMP_H 1
#define USE_MPZ_GCDEXT 1
#define PROTOTYPES 1
#define __PROTOTYPES 1
#define HAVE_STRCASECMP 1
#define HAVE_STRRCHR 1
#define HAVE_RINDEX 1
#define HAVE_STRCHR 1
#define HAVE_INDEX 1
#define HAVE_MEMCPY 1
#define HAVE_RANDOM 1
#define HAVE_RAND 1

configure: exit 0
